2025-05-07 17:31:21.612 [INFO] Get_TrianglelistTexturesFileNameList::Start
2025-05-07 17:31:21.620 [INFO] Get_TrianglelistTexturesFileNameList::End
2025-05-07 17:31:21.693 [INFO] ExtractDedupedTextures::End
2025-05-07 17:31:21.693 [INFO] ExtractRenderTextures::Start
2025-05-07 17:31:21.693 [INFO] Get_TrianglelistTexturesFileNameList::Start
2025-05-07 17:31:21.701 [INFO] Get_TrianglelistTexturesFileNameList::End
2025-05-07 17:31:21.833 [INFO] ExtractRenderTextures::End
2025-05-07 17:31:21.833 [INFO] 初始化D3D11GameTypeLv2::Start
2025-05-07 17:31:21.833 [INFO] 读取GameType分类: HI3
2025-05-07 17:31:21.840 [INFO] 读取数据类型:CPU_P12_N12_C4_T4_T1-4_TA8_ PreSkinning: False
2025-05-07 17:31:21.841 [INFO] 读取数据类型:CPU_P12_N12_C4_T4_TA8_ PreSkinning: False
2025-05-07 17:31:21.841 [INFO] 读取数据类型:GPU_P12_N12_C4_TA16_BW16_BI16_T4_T1-4_ PreSkinning: True
2025-05-07 17:31:21.841 [INFO] 读取数据类型:GPU_P12_N12_C4_TA16_BW16_BI16_T4_T1-4_T2-4_ PreSkinning: True
2025-05-07 17:31:21.841 [INFO] 读取数据类型:GPU_P12_N12_C4_TA16_BW16_BI16_T8_ PreSkinning: True
2025-05-07 17:31:21.841 [INFO] 读取数据类型:GPU_P12_N12_C4_TA16_BW16_BI16_T8_T1-8_ PreSkinning: True
2025-05-07 17:31:21.842 [INFO] 读取数据类型:GPU_P12_N12_C4_TA16_BW16_BI16_T8_T1-8_T2-8_ PreSkinning: True
2025-05-07 17:31:21.842 [INFO] 读取数据类型:GPU_P12_N12_TA16_C4_T8_BW16_BI16_ PreSkinning: True
2025-05-07 17:31:21.842 [INFO] 读取数据类型:GPU_P12_N12_TA16_C4_T8_T1-8_BW16_BI16_ PreSkinning: True
2025-05-07 17:31:21.842 [INFO] 读取数据类型:GPU_P12_N12_TA16_C4_T8_T1-8_T2-8_BW16_BI16_ PreSkinning: True
2025-05-07 17:31:21.842 [INFO] 加入GPU类型:GPU_P12_N12_C4_TA16_BW16_BI16_T4_T1-4_
2025-05-07 17:31:21.842 [INFO] 加入GPU类型:GPU_P12_N12_C4_TA16_BW16_BI16_T4_T1-4_T2-4_
2025-05-07 17:31:21.842 [INFO] 加入GPU类型:GPU_P12_N12_C4_TA16_BW16_BI16_T8_
2025-05-07 17:31:21.842 [INFO] 加入GPU类型:GPU_P12_N12_C4_TA16_BW16_BI16_T8_T1-8_
2025-05-07 17:31:21.842 [INFO] 加入GPU类型:GPU_P12_N12_C4_TA16_BW16_BI16_T8_T1-8_T2-8_
2025-05-07 17:31:21.842 [INFO] 加入GPU类型:GPU_P12_N12_TA16_C4_T8_BW16_BI16_
2025-05-07 17:31:21.842 [INFO] 加入GPU类型:GPU_P12_N12_TA16_C4_T8_T1-8_BW16_BI16_
2025-05-07 17:31:21.842 [INFO] 加入GPU类型:GPU_P12_N12_TA16_C4_T8_T1-8_T2-8_BW16_BI16_
2025-05-07 17:31:21.842 [INFO] 加入CPU类型:CPU_P12_N12_C4_T4_T1-4_TA8_
2025-05-07 17:31:21.842 [INFO] 加入CPU类型:CPU_P12_N12_C4_T4_TA8_
2025-05-07 17:31:21.842 [INFO] 初始化D3D11GameTypeLv2::End
2025-05-07 17:31:21.842 [INFO] -------------------------------------------------------------------
2025-05-07 17:31:21.842 [INFO] 开始提取:
2025-05-07 17:31:21.842 [INFO] 当前DrawIB: 6122856e
2025-05-07 17:31:21.842 [INFO] -------------------------------------------------------------------
2025-05-07 17:31:21.852 [INFO] 当前识别到的PointlistIndex: 000005
2025-05-07 17:31:21.852 [INFO] -------------------------------------------------------------------
2025-05-07 17:31:21.859 [INFO] TrianglelistIndex: 000012
2025-05-07 17:31:21.859 [INFO] TrianglelistIndex: 000013
2025-05-07 17:31:21.859 [INFO] TrianglelistIndex: 000014
2025-05-07 17:31:21.859 [INFO] TrianglelistIndex: 000015
2025-05-07 17:31:21.859 [INFO] TrianglelistIndex: 000025
2025-05-07 17:31:21.859 [INFO] TrianglelistIndex: 000026
2025-05-07 17:31:21.859 [INFO] TrianglelistIndex: 000038
2025-05-07 17:31:21.859 [INFO] TrianglelistIndex: 000039
2025-05-07 17:31:21.859 [INFO] TrianglelistIndex: 000081
2025-05-07 17:31:21.859 [INFO] TrianglelistIndex: 000082
2025-05-07 17:31:21.859 [INFO] TrianglelistIndex: 000090
2025-05-07 17:31:21.859 [INFO] TrianglelistIndex: 000091
2025-05-07 17:31:21.859 [INFO] -------------------------------------------------------------------
2025-05-07 17:31:21.859 [INFO] 当前数据类型:GPU_P12_N12_C4_TA16_BW16_BI16_T4_T1-4_
2025-05-07 17:31:21.859 [INFO] TrianglelistIndex: 000012
2025-05-07 17:31:21.860 [INFO] 当前分类:Position 提取Index: 000005 提取槽位:vb0
2025-05-07 17:31:21.860 [INFO] 当前分类:Blend 提取Index: 000005 提取槽位:vb1
2025-05-07 17:31:21.861 [INFO] 当前分类:Texcoord 提取Index: 000012 提取槽位:vb1
2025-05-07 17:31:21.862 [INFO] Blend Match!
2025-05-07 17:31:21.862 [INFO] -------------------------------------------------------------------
2025-05-07 17:31:21.862 [INFO] Texcoord Match!
2025-05-07 17:31:21.862 [INFO] -------------------------------------------------------------------
2025-05-07 17:31:21.862 [INFO] MatchGameType: GPU_P12_N12_C4_TA16_BW16_BI16_T4_T1-4_
2025-05-07 17:31:21.862 [INFO] -------------------------------------------------------------------
2025-05-07 17:31:21.862 [INFO] 当前数据类型:GPU_P12_N12_C4_TA16_BW16_BI16_T4_T1-4_T2-4_
2025-05-07 17:31:21.862 [INFO] TrianglelistIndex: 000012
2025-05-07 17:31:21.862 [INFO] 当前分类:Position 提取Index: 000005 提取槽位:vb0
2025-05-07 17:31:21.863 [INFO] 当前分类:Blend 提取Index: 000005 提取槽位:vb1
2025-05-07 17:31:21.863 [INFO] 当前分类:Texcoord 提取Index: 000012 提取槽位:vb1
2025-05-07 17:31:21.864 [INFO] Blend Match!
2025-05-07 17:31:21.864 [INFO] -------------------------------------------------------------------
2025-05-07 17:31:21.864 [INFO] VertexNumber: 24067 当前槽位数量: 16044
2025-05-07 17:31:21.864 [INFO] 槽位匹配失败
2025-05-07 17:31:21.864 [INFO] -------------------------------------------------------------------
2025-05-07 17:31:21.864 [INFO] 当前数据类型:GPU_P12_N12_C4_TA16_BW16_BI16_T8_
2025-05-07 17:31:21.864 [INFO] TrianglelistIndex: 000012
2025-05-07 17:31:21.864 [INFO] 当前分类:Position 提取Index: 000005 提取槽位:vb0
2025-05-07 17:31:21.864 [INFO] 当前分类:Blend 提取Index: 000005 提取槽位:vb1
2025-05-07 17:31:21.865 [INFO] 当前分类:Texcoord 提取Index: 000012 提取槽位:vb1
2025-05-07 17:31:21.865 [INFO] Blend Match!
2025-05-07 17:31:21.865 [INFO] -------------------------------------------------------------------
2025-05-07 17:31:21.865 [INFO] Texcoord Match!
2025-05-07 17:31:21.865 [INFO] -------------------------------------------------------------------
2025-05-07 17:31:21.865 [INFO] MatchGameType: GPU_P12_N12_C4_TA16_BW16_BI16_T8_
2025-05-07 17:31:21.865 [INFO] -------------------------------------------------------------------
2025-05-07 17:31:21.865 [INFO] 当前数据类型:GPU_P12_N12_C4_TA16_BW16_BI16_T8_T1-8_
2025-05-07 17:31:21.866 [INFO] TrianglelistIndex: 000012
2025-05-07 17:31:21.866 [INFO] 当前分类:Position 提取Index: 000005 提取槽位:vb0
2025-05-07 17:31:21.866 [INFO] 当前分类:Blend 提取Index: 000005 提取槽位:vb1
2025-05-07 17:31:21.866 [INFO] 当前分类:Texcoord 提取Index: 000012 提取槽位:vb1
2025-05-07 17:31:21.867 [INFO] Blend Match!
2025-05-07 17:31:21.867 [INFO] -------------------------------------------------------------------
2025-05-07 17:31:21.867 [INFO] VertexNumber: 24067 当前槽位数量: 12033
2025-05-07 17:31:21.867 [INFO] 槽位匹配失败
2025-05-07 17:31:21.867 [INFO] -------------------------------------------------------------------
2025-05-07 17:31:21.867 [INFO] 当前数据类型:GPU_P12_N12_C4_TA16_BW16_BI16_T8_T1-8_T2-8_
2025-05-07 17:31:21.867 [INFO] TrianglelistIndex: 000012
2025-05-07 17:31:21.867 [INFO] 当前分类:Position 提取Index: 000005 提取槽位:vb0
2025-05-07 17:31:21.867 [INFO] 当前分类:Blend 提取Index: 000005 提取槽位:vb1
2025-05-07 17:31:21.868 [INFO] 当前分类:Texcoord 提取Index: 000012 提取槽位:vb1
2025-05-07 17:31:21.868 [INFO] Blend Match!
2025-05-07 17:31:21.868 [INFO] -------------------------------------------------------------------
2025-05-07 17:31:21.868 [INFO] VertexNumber: 24067 当前槽位数量: 8022
2025-05-07 17:31:21.868 [INFO] 槽位匹配失败
2025-05-07 17:31:21.868 [INFO] -------------------------------------------------------------------
2025-05-07 17:31:21.868 [INFO] 当前数据类型:GPU_P12_N12_TA16_C4_T8_BW16_BI16_
2025-05-07 17:31:21.869 [INFO] TrianglelistIndex: 000012
2025-05-07 17:31:21.869 [INFO] 当前分类:Position 提取Index: 000005 提取槽位:vb0
2025-05-07 17:31:21.869 [INFO] 当前分类:Texcoord 提取Index: 000012 提取槽位:vb1
2025-05-07 17:31:21.869 [INFO] 当前分类:Blend 提取Index: 000005 提取槽位:vb1
2025-05-07 17:31:21.870 [INFO] VertexNumber: 26473 当前槽位数量: 16044
2025-05-07 17:31:21.870 [INFO] 槽位匹配失败
2025-05-07 17:31:21.870 [INFO] -------------------------------------------------------------------
2025-05-07 17:31:21.870 [INFO] 当前数据类型:GPU_P12_N12_TA16_C4_T8_T1-8_BW16_BI16_
2025-05-07 17:31:21.870 [INFO] TrianglelistIndex: 000012
2025-05-07 17:31:21.870 [INFO] 当前分类:Position 提取Index: 000005 提取槽位:vb0
2025-05-07 17:31:21.871 [INFO] 当前分类:Texcoord 提取Index: 000012 提取槽位:vb1
2025-05-07 17:31:21.871 [INFO] 当前分类:Blend 提取Index: 000005 提取槽位:vb1
2025-05-07 17:31:21.871 [INFO] VertexNumber: 26473 当前槽位数量: 9626
2025-05-07 17:31:21.871 [INFO] 槽位匹配失败
2025-05-07 17:31:21.871 [INFO] -------------------------------------------------------------------
2025-05-07 17:31:21.871 [INFO] 当前数据类型:GPU_P12_N12_TA16_C4_T8_T1-8_T2-8_BW16_BI16_
2025-05-07 17:31:21.872 [INFO] TrianglelistIndex: 000012
2025-05-07 17:31:21.872 [INFO] 当前分类:Position 提取Index: 000005 提取槽位:vb0
2025-05-07 17:31:21.872 [INFO] 当前分类:Texcoord 提取Index: 000012 提取槽位:vb1
2025-05-07 17:31:21.872 [INFO] 当前分类:Blend 提取Index: 000005 提取槽位:vb1
2025-05-07 17:31:21.873 [INFO] VertexNumber: 26473 当前槽位数量: 6876
2025-05-07 17:31:21.873 [INFO] 槽位匹配失败
2025-05-07 17:31:21.873 [INFO] -------------------------------------------------------------------
2025-05-07 17:31:21.873 [INFO] 自动优化:已经找到了满足条件的GPU类型，所以这个CPU类型就不用判断了
2025-05-07 17:31:21.873 [INFO] 自动优化:已经找到了满足条件的GPU类型，所以这个CPU类型就不用判断了
2025-05-07 17:31:21.873 [INFO] All Matched GameType:
2025-05-07 17:31:21.873 [INFO] GPU_P12_N12_C4_TA16_BW16_BI16_T4_T1-4_
2025-05-07 17:31:21.873 [INFO] GPU_P12_N12_C4_TA16_BW16_BI16_T8_
2025-05-07 17:31:21.897 [INFO] MatchFirstIndex: 0 IBFileName: 000090-ib=6122856e-vs=3fd580fa13fc424b-ps=2ad48ea61f5f6ad2.txt
2025-05-07 17:31:21.897 [INFO] MatchFirstIndex: 78900 IBFileName: 000091-ib=6122856e-vs=3fd580fa13fc424b-ps=2ad48ea61f5f6ad2.txt
2025-05-07 17:31:21.897 [INFO] -------------------------------------------------------------------
2025-05-07 17:31:21.899 [INFO] 开始从各个Buffer文件中读取数据:
2025-05-07 17:31:21.913 [INFO] -------------------------------------------------------------------
2025-05-07 17:31:21.923 [INFO] 000090-ib=6122856e-vs=3fd580fa13fc424b-ps=2ad48ea61f5f6ad2.buf
2025-05-07 17:31:22.000 [INFO] C:\Users\Administrator\Desktop\3DmigotoLoaders\HI3\3Dmigoto\FrameAnalysis-2025-05-07-172853\deduped\6122856e-ib-format=R16_UINT-topology=trianglelist-count=78900.txt
2025-05-07 17:31:22.000 [INFO] FirstIndex: 0
2025-05-07 17:31:22.000 [INFO] IndexCount: 78900
2025-05-07 17:31:22.008 [INFO] IBBufFile::SelfDivide::Start
2025-05-07 17:31:22.008 [INFO] FirstIndex: 0
2025-05-07 17:31:22.008 [INFO] IndexCount: 78900
2025-05-07 17:31:22.008 [INFO] 当前IB文件总顶点数: 81507
2025-05-07 17:31:22.010 [INFO] IBBufFile::SelfDivide::End
2025-05-07 17:31:22.010 [INFO] -------------------------------------------------------------------
2025-05-07 17:31:22.015 [INFO] 000091-ib=6122856e-vs=3fd580fa13fc424b-ps=2ad48ea61f5f6ad2.buf
2025-05-07 17:31:22.017 [INFO] C:\Users\Administrator\Desktop\3DmigotoLoaders\HI3\3Dmigoto\FrameAnalysis-2025-05-07-172853\deduped\6122856e-ib-format=R16_UINT-topology=trianglelist-first=78900-count=2607.txt
2025-05-07 17:31:22.017 [INFO] FirstIndex: 78900
2025-05-07 17:31:22.017 [INFO] IndexCount: 2607
2025-05-07 17:31:22.023 [INFO] IBBufFile::SelfDivide::Start
2025-05-07 17:31:22.023 [INFO] FirstIndex: 78900
2025-05-07 17:31:22.023 [INFO] IndexCount: 2607
2025-05-07 17:31:22.023 [INFO] 当前IB文件总顶点数: 81507
2025-05-07 17:31:22.023 [INFO] IBBufFile::SelfDivide::End
2025-05-07 17:31:22.023 [INFO] -------------------------------------------------------------------
2025-05-07 17:31:22.024 [INFO] VBBufFile::SelfDivide::
2025-05-07 17:31:22.024 [INFO] Total Length: 2021628
2025-05-07 17:31:22.024 [INFO] StartIndex: 1960980
2025-05-07 17:31:22.024 [INFO] EndIndex: 2021544
2025-05-07 17:31:22.024 [INFO] LengthToCopy: 60648
2025-05-07 17:31:22.033 [INFO] 开始从各个Buffer文件中读取数据:
2025-05-07 17:31:22.037 [INFO] -------------------------------------------------------------------
2025-05-07 17:31:22.044 [INFO] 000090-ib=6122856e-vs=3fd580fa13fc424b-ps=2ad48ea61f5f6ad2.buf
2025-05-07 17:31:22.114 [INFO] C:\Users\Administrator\Desktop\3DmigotoLoaders\HI3\3Dmigoto\FrameAnalysis-2025-05-07-172853\deduped\6122856e-ib-format=R16_UINT-topology=trianglelist-count=78900.txt
2025-05-07 17:31:22.114 [INFO] FirstIndex: 0
2025-05-07 17:31:22.114 [INFO] IndexCount: 78900
2025-05-07 17:31:22.117 [INFO] IBBufFile::SelfDivide::Start
2025-05-07 17:31:22.117 [INFO] FirstIndex: 0
2025-05-07 17:31:22.117 [INFO] IndexCount: 78900
2025-05-07 17:31:22.117 [INFO] 当前IB文件总顶点数: 81507
2025-05-07 17:31:22.118 [INFO] IBBufFile::SelfDivide::End
2025-05-07 17:31:22.118 [INFO] -------------------------------------------------------------------
2025-05-07 17:31:22.121 [INFO] 000091-ib=6122856e-vs=3fd580fa13fc424b-ps=2ad48ea61f5f6ad2.buf
2025-05-07 17:31:22.131 [INFO] C:\Users\Administrator\Desktop\3DmigotoLoaders\HI3\3Dmigoto\FrameAnalysis-2025-05-07-172853\deduped\6122856e-ib-format=R16_UINT-topology=trianglelist-first=78900-count=2607.txt
2025-05-07 17:31:22.131 [INFO] FirstIndex: 78900
2025-05-07 17:31:22.131 [INFO] IndexCount: 2607
2025-05-07 17:31:22.134 [INFO] IBBufFile::SelfDivide::Start
2025-05-07 17:31:22.134 [INFO] FirstIndex: 78900
2025-05-07 17:31:22.134 [INFO] IndexCount: 2607
2025-05-07 17:31:22.134 [INFO] 当前IB文件总顶点数: 81507
2025-05-07 17:31:22.134 [INFO] IBBufFile::SelfDivide::End
2025-05-07 17:31:22.134 [INFO] -------------------------------------------------------------------
2025-05-07 17:31:22.135 [INFO] VBBufFile::SelfDivide::
2025-05-07 17:31:22.135 [INFO] Total Length: 2021628
2025-05-07 17:31:22.135 [INFO] StartIndex: 1960980
2025-05-07 17:31:22.135 [INFO] EndIndex: 2021544
2025-05-07 17:31:22.135 [INFO] LengthToCopy: 60648
2025-05-07 17:31:22.135 [INFO] -------------------------------------------------------------------
2025-05-07 17:31:22.135 [INFO] 提取正常执行完成
2025-05-07 17:31:22.135 [INFO] 日志系统结束于 2025-05-07 17:31:22.135
2025-05-07 17:31:22.135 [INFO] 本次会话总耗时: 0.302 秒
