2025-05-07 17:31:22.753 [INFO] Get_TrianglelistTexturesFileNameList::Start
2025-05-07 17:31:22.763 [INFO] Get_TrianglelistTexturesFileNameList::End
2025-05-07 17:31:22.952 [INFO] Get_TextureConfigName_JObject_Dict::Start
2025-05-07 17:31:22.952 [INFO] 当前游戏的贴图配置文件夹路径: C:\Users\Administrator\Desktop\DBMT-Package\Configs\TextureConfigs\HI3\
2025-05-07 17:31:22.953 [INFO] Get_TextureConfigName_JObject_Dict::End
2025-05-07 17:32:31.254 [INFO] Get_TrianglelistTexturesFileNameList::Start
2025-05-07 17:32:31.257 [INFO] Get_TrianglelistTexturesFileNameList::End
2025-05-07 17:32:31.298 [INFO] ExtractDedupedTextures::End
2025-05-07 17:32:31.298 [INFO] ExtractRenderTextures::Start
2025-05-07 17:32:31.298 [INFO] Get_TrianglelistTexturesFileNameList::Start
2025-05-07 17:32:31.301 [INFO] Get_TrianglelistTexturesFileNameList::End
2025-05-07 17:32:31.360 [INFO] ExtractRenderTextures::End
2025-05-07 17:32:31.360 [INFO] 初始化D3D11GameTypeLv2::Start
2025-05-07 17:32:31.360 [INFO] 读取GameType分类: HI3
2025-05-07 17:32:31.361 [INFO] 读取数据类型:CPU_P12_N12_C4_T4_T1-4_TA8_ PreSkinning: False
2025-05-07 17:32:31.361 [INFO] 读取数据类型:CPU_P12_N12_C4_T4_TA8_ PreSkinning: False
2025-05-07 17:32:31.361 [INFO] 读取数据类型:GPU_P12_N12_C4_TA16_BW16_BI16_T4_T1-4_ PreSkinning: True
2025-05-07 17:32:31.361 [INFO] 读取数据类型:GPU_P12_N12_C4_TA16_BW16_BI16_T4_T1-4_T2-4_ PreSkinning: True
2025-05-07 17:32:31.361 [INFO] 读取数据类型:GPU_P12_N12_C4_TA16_BW16_BI16_T8_ PreSkinning: True
2025-05-07 17:32:31.362 [INFO] 读取数据类型:GPU_P12_N12_C4_TA16_BW16_BI16_T8_T1-8_ PreSkinning: True
2025-05-07 17:32:31.362 [INFO] 读取数据类型:GPU_P12_N12_C4_TA16_BW16_BI16_T8_T1-8_T2-8_ PreSkinning: True
2025-05-07 17:32:31.362 [INFO] 读取数据类型:GPU_P12_N12_TA16_C4_T8_BW16_BI16_ PreSkinning: True
2025-05-07 17:32:31.362 [INFO] 读取数据类型:GPU_P12_N12_TA16_C4_T8_T1-8_BW16_BI16_ PreSkinning: True
2025-05-07 17:32:31.363 [INFO] 读取数据类型:GPU_P12_N12_TA16_C4_T8_T1-8_T2-8_BW16_BI16_ PreSkinning: True
2025-05-07 17:32:31.363 [INFO] 加入GPU类型:GPU_P12_N12_C4_TA16_BW16_BI16_T4_T1-4_
2025-05-07 17:32:31.363 [INFO] 加入GPU类型:GPU_P12_N12_C4_TA16_BW16_BI16_T4_T1-4_T2-4_
2025-05-07 17:32:31.363 [INFO] 加入GPU类型:GPU_P12_N12_C4_TA16_BW16_BI16_T8_
2025-05-07 17:32:31.363 [INFO] 加入GPU类型:GPU_P12_N12_C4_TA16_BW16_BI16_T8_T1-8_
2025-05-07 17:32:31.363 [INFO] 加入GPU类型:GPU_P12_N12_C4_TA16_BW16_BI16_T8_T1-8_T2-8_
2025-05-07 17:32:31.363 [INFO] 加入GPU类型:GPU_P12_N12_TA16_C4_T8_BW16_BI16_
2025-05-07 17:32:31.363 [INFO] 加入GPU类型:GPU_P12_N12_TA16_C4_T8_T1-8_BW16_BI16_
2025-05-07 17:32:31.363 [INFO] 加入GPU类型:GPU_P12_N12_TA16_C4_T8_T1-8_T2-8_BW16_BI16_
2025-05-07 17:32:31.363 [INFO] 加入CPU类型:CPU_P12_N12_C4_T4_T1-4_TA8_
2025-05-07 17:32:31.363 [INFO] 加入CPU类型:CPU_P12_N12_C4_T4_TA8_
2025-05-07 17:32:31.363 [INFO] 初始化D3D11GameTypeLv2::End
2025-05-07 17:32:31.363 [INFO] -------------------------------------------------------------------
2025-05-07 17:32:31.363 [INFO] 开始提取:
2025-05-07 17:32:31.363 [INFO] 当前DrawIB: 30e812b4
2025-05-07 17:32:31.363 [INFO] -------------------------------------------------------------------
2025-05-07 17:32:31.371 [INFO] 当前识别到的PointlistIndex: 000002
2025-05-07 17:32:31.371 [INFO] -------------------------------------------------------------------
2025-05-07 17:32:31.377 [INFO] TrianglelistIndex: 000043
2025-05-07 17:32:31.377 [INFO] TrianglelistIndex: 000044
2025-05-07 17:32:31.377 [INFO] TrianglelistIndex: 000045
2025-05-07 17:32:31.377 [INFO] TrianglelistIndex: 000095
2025-05-07 17:32:31.377 [INFO] TrianglelistIndex: 000096
2025-05-07 17:32:31.377 [INFO] -------------------------------------------------------------------
2025-05-07 17:32:31.377 [INFO] 当前数据类型:GPU_P12_N12_C4_TA16_BW16_BI16_T4_T1-4_
2025-05-07 17:32:31.378 [INFO] TrianglelistIndex: 000043
2025-05-07 17:32:31.378 [INFO] 当前分类:Position 提取Index: 000002 提取槽位:vb0
2025-05-07 17:32:31.378 [INFO] 当前分类:Blend 提取Index: 000002 提取槽位:vb1
2025-05-07 17:32:31.379 [INFO] 当前分类:Texcoord 提取Index: 000043 提取槽位:vb1
2025-05-07 17:32:31.379 [INFO] Blend Match!
2025-05-07 17:32:31.379 [INFO] -------------------------------------------------------------------
2025-05-07 17:32:31.379 [INFO] Texcoord Match!
2025-05-07 17:32:31.379 [INFO] -------------------------------------------------------------------
2025-05-07 17:32:31.379 [INFO] MatchGameType: GPU_P12_N12_C4_TA16_BW16_BI16_T4_T1-4_
2025-05-07 17:32:31.379 [INFO] -------------------------------------------------------------------
2025-05-07 17:32:31.379 [INFO] 当前数据类型:GPU_P12_N12_C4_TA16_BW16_BI16_T4_T1-4_T2-4_
2025-05-07 17:32:31.379 [INFO] TrianglelistIndex: 000043
2025-05-07 17:32:31.379 [INFO] 当前分类:Position 提取Index: 000002 提取槽位:vb0
2025-05-07 17:32:31.380 [INFO] 当前分类:Blend 提取Index: 000002 提取槽位:vb1
2025-05-07 17:32:31.380 [INFO] 当前分类:Texcoord 提取Index: 000043 提取槽位:vb1
2025-05-07 17:32:31.381 [INFO] Blend Match!
2025-05-07 17:32:31.381 [INFO] -------------------------------------------------------------------
2025-05-07 17:32:31.381 [INFO] VertexNumber: 4531 当前槽位数量: 3020
2025-05-07 17:32:31.381 [INFO] 槽位匹配失败
2025-05-07 17:32:31.381 [INFO] -------------------------------------------------------------------
2025-05-07 17:32:31.381 [INFO] 当前数据类型:GPU_P12_N12_C4_TA16_BW16_BI16_T8_
2025-05-07 17:32:31.381 [INFO] TrianglelistIndex: 000043
2025-05-07 17:32:31.381 [INFO] 当前分类:Position 提取Index: 000002 提取槽位:vb0
2025-05-07 17:32:31.382 [INFO] 当前分类:Blend 提取Index: 000002 提取槽位:vb1
2025-05-07 17:32:31.382 [INFO] 当前分类:Texcoord 提取Index: 000043 提取槽位:vb1
2025-05-07 17:32:31.382 [INFO] Blend Match!
2025-05-07 17:32:31.382 [INFO] -------------------------------------------------------------------
2025-05-07 17:32:31.382 [INFO] Texcoord Match!
2025-05-07 17:32:31.382 [INFO] -------------------------------------------------------------------
2025-05-07 17:32:31.382 [INFO] MatchGameType: GPU_P12_N12_C4_TA16_BW16_BI16_T8_
2025-05-07 17:32:31.382 [INFO] -------------------------------------------------------------------
2025-05-07 17:32:31.382 [INFO] 当前数据类型:GPU_P12_N12_C4_TA16_BW16_BI16_T8_T1-8_
2025-05-07 17:32:31.383 [INFO] TrianglelistIndex: 000043
2025-05-07 17:32:31.383 [INFO] 当前分类:Position 提取Index: 000002 提取槽位:vb0
2025-05-07 17:32:31.383 [INFO] 当前分类:Blend 提取Index: 000002 提取槽位:vb1
2025-05-07 17:32:31.383 [INFO] 当前分类:Texcoord 提取Index: 000043 提取槽位:vb1
2025-05-07 17:32:31.384 [INFO] Blend Match!
2025-05-07 17:32:31.384 [INFO] -------------------------------------------------------------------
2025-05-07 17:32:31.384 [INFO] VertexNumber: 4531 当前槽位数量: 2265
2025-05-07 17:32:31.384 [INFO] 槽位匹配失败
2025-05-07 17:32:31.384 [INFO] -------------------------------------------------------------------
2025-05-07 17:32:31.384 [INFO] 当前数据类型:GPU_P12_N12_C4_TA16_BW16_BI16_T8_T1-8_T2-8_
2025-05-07 17:32:31.384 [INFO] TrianglelistIndex: 000043
2025-05-07 17:32:31.384 [INFO] 当前分类:Position 提取Index: 000002 提取槽位:vb0
2025-05-07 17:32:31.385 [INFO] 当前分类:Blend 提取Index: 000002 提取槽位:vb1
2025-05-07 17:32:31.385 [INFO] 当前分类:Texcoord 提取Index: 000043 提取槽位:vb1
2025-05-07 17:32:31.385 [INFO] Blend Match!
2025-05-07 17:32:31.385 [INFO] -------------------------------------------------------------------
2025-05-07 17:32:31.385 [INFO] VertexNumber: 4531 当前槽位数量: 1510
2025-05-07 17:32:31.385 [INFO] 槽位匹配失败
2025-05-07 17:32:31.385 [INFO] -------------------------------------------------------------------
2025-05-07 17:32:31.385 [INFO] 当前数据类型:GPU_P12_N12_TA16_C4_T8_BW16_BI16_
2025-05-07 17:32:31.386 [INFO] TrianglelistIndex: 000043
2025-05-07 17:32:31.386 [INFO] 当前分类:Position 提取Index: 000002 提取槽位:vb0
2025-05-07 17:32:31.386 [INFO] 当前分类:Texcoord 提取Index: 000043 提取槽位:vb1
2025-05-07 17:32:31.387 [INFO] 当前分类:Blend 提取Index: 000002 提取槽位:vb1
2025-05-07 17:32:31.387 [INFO] VertexNumber: 4984 当前槽位数量: 3020
2025-05-07 17:32:31.387 [INFO] 槽位匹配失败
2025-05-07 17:32:31.387 [INFO] -------------------------------------------------------------------
2025-05-07 17:32:31.387 [INFO] 当前数据类型:GPU_P12_N12_TA16_C4_T8_T1-8_BW16_BI16_
2025-05-07 17:32:31.387 [INFO] TrianglelistIndex: 000043
2025-05-07 17:32:31.387 [INFO] 当前分类:Position 提取Index: 000002 提取槽位:vb0
2025-05-07 17:32:31.388 [INFO] 当前分类:Texcoord 提取Index: 000043 提取槽位:vb1
2025-05-07 17:32:31.388 [INFO] 当前分类:Blend 提取Index: 000002 提取槽位:vb1
2025-05-07 17:32:31.389 [INFO] VertexNumber: 4984 当前槽位数量: 1812
2025-05-07 17:32:31.389 [INFO] 槽位匹配失败
2025-05-07 17:32:31.389 [INFO] -------------------------------------------------------------------
2025-05-07 17:32:31.389 [INFO] 当前数据类型:GPU_P12_N12_TA16_C4_T8_T1-8_T2-8_BW16_BI16_
2025-05-07 17:32:31.389 [INFO] TrianglelistIndex: 000043
2025-05-07 17:32:31.389 [INFO] 当前分类:Position 提取Index: 000002 提取槽位:vb0
2025-05-07 17:32:31.389 [INFO] 当前分类:Texcoord 提取Index: 000043 提取槽位:vb1
2025-05-07 17:32:31.390 [INFO] 当前分类:Blend 提取Index: 000002 提取槽位:vb1
2025-05-07 17:32:31.390 [INFO] VertexNumber: 4984 当前槽位数量: 1294
2025-05-07 17:32:31.390 [INFO] 槽位匹配失败
2025-05-07 17:32:31.390 [INFO] -------------------------------------------------------------------
2025-05-07 17:32:31.390 [INFO] 自动优化:已经找到了满足条件的GPU类型，所以这个CPU类型就不用判断了
2025-05-07 17:32:31.390 [INFO] 自动优化:已经找到了满足条件的GPU类型，所以这个CPU类型就不用判断了
2025-05-07 17:32:31.390 [INFO] All Matched GameType:
2025-05-07 17:32:31.390 [INFO] GPU_P12_N12_C4_TA16_BW16_BI16_T4_T1-4_
2025-05-07 17:32:31.390 [INFO] GPU_P12_N12_C4_TA16_BW16_BI16_T8_
2025-05-07 17:32:31.394 [INFO] MatchFirstIndex: 0 IBFileName: 000096-ib=30e812b4-vs=3fd580fa13fc424b-ps=2ad48ea61f5f6ad2.txt
2025-05-07 17:32:31.394 [INFO] -------------------------------------------------------------------
2025-05-07 17:32:31.395 [INFO] 开始从各个Buffer文件中读取数据:
2025-05-07 17:32:31.397 [INFO] -------------------------------------------------------------------
2025-05-07 17:32:31.399 [INFO] 000096-ib=30e812b4-vs=3fd580fa13fc424b-ps=2ad48ea61f5f6ad2.buf
2025-05-07 17:32:31.419 [INFO] C:\Users\Administrator\Desktop\3DmigotoLoaders\HI3\3Dmigoto\FrameAnalysis-2025-05-07-172853\deduped\30e812b4-ib-format=R16_UINT-topology=trianglelist-count=15615.txt
2025-05-07 17:32:31.419 [INFO] FirstIndex: 0
2025-05-07 17:32:31.419 [INFO] IndexCount: 15615
2025-05-07 17:32:31.420 [INFO] IBBufFile::SelfDivide::Start
2025-05-07 17:32:31.420 [INFO] FirstIndex: 0
2025-05-07 17:32:31.420 [INFO] IndexCount: 15615
2025-05-07 17:32:31.420 [INFO] 当前IB文件总顶点数: 15615
2025-05-07 17:32:31.420 [INFO] IBBufFile::SelfDivide::End
2025-05-07 17:32:31.420 [INFO] -------------------------------------------------------------------
2025-05-07 17:32:31.423 [INFO] 开始从各个Buffer文件中读取数据:
2025-05-07 17:32:31.425 [INFO] -------------------------------------------------------------------
2025-05-07 17:32:31.429 [INFO] 000096-ib=30e812b4-vs=3fd580fa13fc424b-ps=2ad48ea61f5f6ad2.buf
2025-05-07 17:32:31.441 [INFO] C:\Users\Administrator\Desktop\3DmigotoLoaders\HI3\3Dmigoto\FrameAnalysis-2025-05-07-172853\deduped\30e812b4-ib-format=R16_UINT-topology=trianglelist-count=15615.txt
2025-05-07 17:32:31.441 [INFO] FirstIndex: 0
2025-05-07 17:32:31.441 [INFO] IndexCount: 15615
2025-05-07 17:32:31.443 [INFO] IBBufFile::SelfDivide::Start
2025-05-07 17:32:31.443 [INFO] FirstIndex: 0
2025-05-07 17:32:31.443 [INFO] IndexCount: 15615
2025-05-07 17:32:31.443 [INFO] 当前IB文件总顶点数: 15615
2025-05-07 17:32:31.443 [INFO] IBBufFile::SelfDivide::End
2025-05-07 17:32:31.443 [INFO] -------------------------------------------------------------------
2025-05-07 17:32:31.445 [INFO] -------------------------------------------------------------------
2025-05-07 17:32:31.445 [INFO] 提取正常执行完成
2025-05-07 17:32:31.445 [INFO] 日志系统结束于 2025-05-07 17:32:31.445
2025-05-07 17:32:31.445 [INFO] 本次会话总耗时: 0.085 秒
