2025-05-07 17:29:06.750 [INFO] 初始化D3D11GameTypeLv2::Start
2025-05-07 17:29:06.755 [INFO] 读取GameType分类: HI3
2025-05-07 17:29:06.756 [INFO] 初始化D3D11GameTypeLv2::End
2025-05-07 17:29:06.756 [INFO] -------------------------------------------------------------------
2025-05-07 17:29:06.756 [INFO] 开始提取:
2025-05-07 17:29:06.756 [INFO] 当前DrawIB: 6122856e
2025-05-07 17:29:06.756 [INFO] -------------------------------------------------------------------
2025-05-07 17:29:06.767 [INFO] 当前识别到的PointlistIndex: 000005
2025-05-07 17:29:06.767 [INFO] -------------------------------------------------------------------
2025-05-07 17:29:06.774 [INFO] TrianglelistIndex: 000012
2025-05-07 17:29:06.774 [INFO] TrianglelistIndex: 000013
2025-05-07 17:29:06.774 [INFO] TrianglelistIndex: 000014
2025-05-07 17:29:06.774 [INFO] TrianglelistIndex: 000015
2025-05-07 17:29:06.774 [INFO] TrianglelistIndex: 000025
2025-05-07 17:29:06.774 [INFO] TrianglelistIndex: 000026
2025-05-07 17:29:06.774 [INFO] TrianglelistIndex: 000038
2025-05-07 17:29:06.774 [INFO] TrianglelistIndex: 000039
2025-05-07 17:29:06.774 [INFO] TrianglelistIndex: 000081
2025-05-07 17:29:06.774 [INFO] TrianglelistIndex: 000082
2025-05-07 17:29:06.774 [INFO] TrianglelistIndex: 000090
2025-05-07 17:29:06.774 [INFO] TrianglelistIndex: 000091
2025-05-07 17:29:06.774 [INFO] -------------------------------------------------------------------
2025-05-07 17:29:06.775 [Error] 无法找到当前提取IndexBuffer Hash值对应Buffer数据的数据类型
1.请结合日志信息，到数据类型管理页面添加此数据类型
2.或者联系NicoMico添加支持并更新DBMT版本。
2025-05-07 17:29:06.776 [INFO] 日志系统结束于 2025-05-07 17:29:06.775
2025-05-07 17:29:06.776 [INFO] 本次会话总耗时: 0.027 秒
